Analysis & Synthesis report for HardwareAdder
Sun May 07 19:16:27 2023
Quartus Prime Version 17.1.0 Build 590 10/25/2017 SJ Lite Edition


---------------------
; Table of Contents ;
---------------------
  1. Legal Notice
  2. Analysis & Synthesis Summary
  3. Analysis & Synthesis Settings
  4. Parallel Compilation
  5. Analysis & Synthesis Source Files Read
  6. Analysis & Synthesis Resource Usage Summary
  7. Analysis & Synthesis Resource Utilization by Entity
  8. User-Specified and Inferred Latches
  9. General Register Statistics
 10. Post-Synthesis Netlist Statistics for Top Partition
 11. Elapsed Time Per Partition
 12. Analysis & Synthesis Messages



----------------
; Legal Notice ;
----------------
Copyright (C) 2017  Intel Corporation. All rights reserved.
Your use of Intel Corporation's design tools, logic functions 
and other software and tools, and its AMPP partner logic 
functions, and any output files from any of the foregoing 
(including device programming or simulation files), and any 
associated documentation or information are expressly subject 
to the terms and conditions of the Intel Program License 
Subscription Agreement, the Intel Quartus Prime License Agreement,
the Intel FPGA IP License Agreement, or other applicable license
agreement, including, without limitation, that your use is for
the sole purpose of programming logic devices manufactured by
Intel and sold by Intel or its authorized distributors.  Please
refer to the applicable agreement for further details.



+-------------------------------------------------------------------------------+
; Analysis & Synthesis Summary                                                  ;
+---------------------------------+---------------------------------------------+
; Analysis & Synthesis Status     ; Successful - Sun May 07 19:16:27 2023       ;
; Quartus Prime Version           ; 17.1.0 Build 590 10/25/2017 SJ Lite Edition ;
; Revision Name                   ; HardwareAdder                               ;
; Top-level Entity Name           ; HardwareAdder                               ;
; Family                          ; Cyclone V                                   ;
; Logic utilization (in ALMs)     ; N/A                                         ;
; Total registers                 ; 0                                           ;
; Total pins                      ; 41                                          ;
; Total virtual pins              ; 0                                           ;
; Total block memory bits         ; 0                                           ;
; Total DSP Blocks                ; 0                                           ;
; Total HSSI RX PCSs              ; 0                                           ;
; Total HSSI PMA RX Deserializers ; 0                                           ;
; Total HSSI TX PCSs              ; 0                                           ;
; Total HSSI PMA TX Serializers   ; 0                                           ;
; Total PLLs                      ; 0                                           ;
; Total DLLs                      ; 0                                           ;
+---------------------------------+---------------------------------------------+


+---------------------------------------------------------------------------------------------------------------------------+
; Analysis & Synthesis Settings                                                                                             ;
+---------------------------------------------------------------------------------+--------------------+--------------------+
; Option                                                                          ; Setting            ; Default Value      ;
+---------------------------------------------------------------------------------+--------------------+--------------------+
; Device                                                                          ; 5CSEMA5F31C6       ;                    ;
; Top-level entity name                                                           ; HardwareAdder      ; HardwareAdder      ;
; Family name                                                                     ; Cyclone V          ; Cyclone V          ;
; Use smart compilation                                                           ; Off                ; Off                ;
; Enable parallel Assembler and TimeQuest Timing Analyzer during compilation      ; On                 ; On                 ;
; Enable compact report table                                                     ; Off                ; Off                ;
; Restructure Multiplexers                                                        ; Auto               ; Auto               ;
; MLAB Add Timing Constraints For Mixed-Port Feed-Through Mode Setting Don't Care ; Off                ; Off                ;
; Create Debugging Nodes for IP Cores                                             ; Off                ; Off                ;
; Preserve fewer node names                                                       ; On                 ; On                 ;
; Intel FPGA IP Evaluation Mode                                                   ; Enable             ; Enable             ;
; Verilog Version                                                                 ; Verilog_2001       ; Verilog_2001       ;
; VHDL Version                                                                    ; VHDL_1993          ; VHDL_1993          ;
; State Machine Processing                                                        ; Auto               ; Auto               ;
; Safe State Machine                                                              ; Off                ; Off                ;
; Extract Verilog State Machines                                                  ; On                 ; On                 ;
; Extract VHDL State Machines                                                     ; On                 ; On                 ;
; Ignore Verilog initial constructs                                               ; Off                ; Off                ;
; Iteration limit for constant Verilog loops                                      ; 5000               ; 5000               ;
; Iteration limit for non-constant Verilog loops                                  ; 250                ; 250                ;
; Add Pass-Through Logic to Inferred RAMs                                         ; On                 ; On                 ;
; Infer RAMs from Raw Logic                                                       ; On                 ; On                 ;
; Parallel Synthesis                                                              ; On                 ; On                 ;
; DSP Block Balancing                                                             ; Auto               ; Auto               ;
; NOT Gate Push-Back                                                              ; On                 ; On                 ;
; Power-Up Don't Care                                                             ; On                 ; On                 ;
; Remove Redundant Logic Cells                                                    ; Off                ; Off                ;
; Remove Duplicate Registers                                                      ; On                 ; On                 ;
; Ignore CARRY Buffers                                                            ; Off                ; Off                ;
; Ignore CASCADE Buffers                                                          ; Off                ; Off                ;
; Ignore GLOBAL Buffers                                                           ; Off                ; Off                ;
; Ignore ROW GLOBAL Buffers                                                       ; Off                ; Off                ;
; Ignore LCELL Buffers                                                            ; Off                ; Off                ;
; Ignore SOFT Buffers                                                             ; On                 ; On                 ;
; Limit AHDL Integers to 32 Bits                                                  ; Off                ; Off                ;
; Optimization Technique                                                          ; Balanced           ; Balanced           ;
; Carry Chain Length                                                              ; 70                 ; 70                 ;
; Auto Carry Chains                                                               ; On                 ; On                 ;
; Auto Open-Drain Pins                                                            ; On                 ; On                 ;
; Perform WYSIWYG Primitive Resynthesis                                           ; Off                ; Off                ;
; Auto ROM Replacement                                                            ; On                 ; On                 ;
; Auto RAM Replacement                                                            ; On                 ; On                 ;
; Auto DSP Block Replacement                                                      ; On                 ; On                 ;
; Auto Shift Register Replacement                                                 ; Auto               ; Auto               ;
; Allow Shift Register Merging across Hierarchies                                 ; Auto               ; Auto               ;
; Auto Clock Enable Replacement                                                   ; On                 ; On                 ;
; Strict RAM Replacement                                                          ; Off                ; Off                ;
; Allow Synchronous Control Signals                                               ; On                 ; On                 ;
; Force Use of Synchronous Clear Signals                                          ; Off                ; Off                ;
; Auto Resource Sharing                                                           ; Off                ; Off                ;
; Allow Any RAM Size For Recognition                                              ; Off                ; Off                ;
; Allow Any ROM Size For Recognition                                              ; Off                ; Off                ;
; Allow Any Shift Register Size For Recognition                                   ; Off                ; Off                ;
; Use LogicLock Constraints during Resource Balancing                             ; On                 ; On                 ;
; Ignore translate_off and synthesis_off directives                               ; Off                ; Off                ;
; Timing-Driven Synthesis                                                         ; On                 ; On                 ;
; Report Parameter Settings                                                       ; On                 ; On                 ;
; Report Source Assignments                                                       ; On                 ; On                 ;
; Report Connectivity Checks                                                      ; On                 ; On                 ;
; Ignore Maximum Fan-Out Assignments                                              ; Off                ; Off                ;
; Synchronization Register Chain Length                                           ; 3                  ; 3                  ;
; Power Optimization During Synthesis                                             ; Normal compilation ; Normal compilation ;
; HDL message level                                                               ; Level2             ; Level2             ;
; Suppress Register Optimization Related Messages                                 ; Off                ; Off                ;
; Number of Removed Registers Reported in Synthesis Report                        ; 5000               ; 5000               ;
; Number of Swept Nodes Reported in Synthesis Report                              ; 5000               ; 5000               ;
; Number of Inverted Registers Reported in Synthesis Report                       ; 100                ; 100                ;
; Clock MUX Protection                                                            ; On                 ; On                 ;
; Auto Gated Clock Conversion                                                     ; Off                ; Off                ;
; Block Design Naming                                                             ; Auto               ; Auto               ;
; SDC constraint protection                                                       ; Off                ; Off                ;
; Synthesis Effort                                                                ; Auto               ; Auto               ;
; Shift Register Replacement - Allow Asynchronous Clear Signal                    ; On                 ; On                 ;
; Pre-Mapping Resynthesis Optimization                                            ; Off                ; Off                ;
; Analysis & Synthesis Message Level                                              ; Medium             ; Medium             ;
; Disable Register Merging Across Hierarchies                                     ; Auto               ; Auto               ;
; Resource Aware Inference For Block RAM                                          ; On                 ; On                 ;
; Automatic Parallel Synthesis                                                    ; On                 ; On                 ;
; Partial Reconfiguration Bitstream ID                                            ; Off                ; Off                ;
+---------------------------------------------------------------------------------+--------------------+--------------------+


+------------------------------------------+
; Parallel Compilation                     ;
+----------------------------+-------------+
; Processors                 ; Number      ;
+----------------------------+-------------+
; Number detected on machine ; 16          ;
; Maximum allowed            ; 16          ;
;                            ;             ;
; Average used               ; 1.00        ;
; Maximum used               ; 16          ;
;                            ;             ;
; Usage by Processor         ; % Time Used ;
;     Processor 1            ; 100.0%      ;
;     Processors 2-16        ;   0.0%      ;
+----------------------------+-------------+


+-----------------------------------------------------------------------------------------------------------------------------------------------------------------------------+
; Analysis & Synthesis Source Files Read                                                                                                                                      ;
+----------------------------------+-----------------+------------------------+-------------------------------------------------------------------------------------+---------+
; File Name with User-Entered Path ; Used in Netlist ; File Type              ; File Name with Absolute Path                                                        ; Library ;
+----------------------------------+-----------------+------------------------+-------------------------------------------------------------------------------------+---------+
; HexTo7Segment.v                  ; yes             ; User Verilog HDL File  ; E:/leeds/5566/workspace/ELEC5566M-Unit3-BaiyanHuo/3-1-HardwareAdder/HexTo7Segment.v ;         ;
; HardwareAdder.v                  ; yes             ; User Verilog HDL File  ; E:/leeds/5566/workspace/ELEC5566M-Unit3-BaiyanHuo/3-1-HardwareAdder/HardwareAdder.v ;         ;
+----------------------------------+-----------------+------------------------+-------------------------------------------------------------------------------------+---------+


+------------------------------------------------------------+
; Analysis & Synthesis Resource Usage Summary                ;
+---------------------------------------------+--------------+
; Resource                                    ; Usage        ;
+---------------------------------------------+--------------+
; Estimate of Logic utilization (ALMs needed) ; 6            ;
;                                             ;              ;
; Combinational ALUT usage for logic          ; 11           ;
;     -- 7 input functions                    ; 0            ;
;     -- 6 input functions                    ; 0            ;
;     -- 5 input functions                    ; 0            ;
;     -- 4 input functions                    ; 7            ;
;     -- <=3 input functions                  ; 4            ;
;                                             ;              ;
; Dedicated logic registers                   ; 0            ;
;                                             ;              ;
; I/O pins                                    ; 41           ;
;                                             ;              ;
; Total DSP Blocks                            ; 0            ;
;                                             ;              ;
; Maximum fan-out node                        ; Hex[0]~input ;
; Maximum fan-out                             ; 7            ;
; Total fan-out                               ; 94           ;
; Average fan-out                             ; 1.01         ;
+---------------------------------------------+--------------+


+------------------------------------------------------------------------------------------------------------------------------------------------------------------------------------------------------+
; Analysis & Synthesis Resource Utilization by Entity                                                                                                                                                  ;
+----------------------------+---------------------+---------------------------+-------------------+------------+------+--------------+---------------------------------+---------------+--------------+
; Compilation Hierarchy Node ; Combinational ALUTs ; Dedicated Logic Registers ; Block Memory Bits ; DSP Blocks ; Pins ; Virtual Pins ; Full Hierarchy Name             ; Entity Name   ; Library Name ;
+----------------------------+---------------------+---------------------------+-------------------+------------+------+--------------+---------------------------------+---------------+--------------+
; |HardwareAdder             ; 11 (0)              ; 0 (0)                     ; 0                 ; 0          ; 41   ; 0            ; |HardwareAdder                  ; HardwareAdder ; work         ;
;    |HexTo7Segment:D1|      ; 11 (11)             ; 0 (0)                     ; 0                 ; 0          ; 0    ; 0            ; |HardwareAdder|HexTo7Segment:D1 ; HexTo7Segment ; work         ;
+----------------------------+---------------------+---------------------------+-------------------+------------+------+--------------+---------------------------------+---------------+--------------+
Note: For table entries with two numbers listed, the numbers in parentheses indicate the number of resources of the given type used by the specific entity alone. The numbers listed outside of parentheses indicate the total resources of the given type used by the specific entity and all of its sub-entities in the hierarchy.


+-----------------------------------------------------------------------------------------------------+
; User-Specified and Inferred Latches                                                                 ;
+----------------------------------------------------+-----------------------+------------------------+
; Latch Name                                         ; Latch Enable Signal   ; Free of Timing Hazards ;
+----------------------------------------------------+-----------------------+------------------------+
; HexTo7Segment:D1|HEX5[6]                           ; HexTo7Segment:D1|Mux3 ; yes                    ;
; HexTo7Segment:D1|HEX4[0]                           ; HexTo7Segment:D1|Mux3 ; yes                    ;
; HexTo7Segment:D1|HEX4[3]                           ; HexTo7Segment:D1|Mux3 ; yes                    ;
; HexTo7Segment:D1|HEX4[6]                           ; HexTo7Segment:D1|Mux3 ; yes                    ;
; HexTo7Segment:D1|HEX3[0]                           ; HexTo7Segment:D1|Mux1 ; yes                    ;
; HexTo7Segment:D1|HEX3[3]                           ; HexTo7Segment:D1|Mux1 ; yes                    ;
; HexTo7Segment:D1|HEX3[6]                           ; HexTo7Segment:D1|Mux1 ; yes                    ;
; HexTo7Segment:D1|HEX2[6]                           ; HexTo7Segment:D1|Mux1 ; yes                    ;
; Number of user-specified and inferred latches = 8  ;                       ;                        ;
+----------------------------------------------------+-----------------------+------------------------+
Note: All latches listed above may not be present at the end of synthesis due to various synthesis optimizations.


+------------------------------------------------------+
; General Register Statistics                          ;
+----------------------------------------------+-------+
; Statistic                                    ; Value ;
+----------------------------------------------+-------+
; Total registers                              ; 0     ;
; Number of registers using Synchronous Clear  ; 0     ;
; Number of registers using Synchronous Load   ; 0     ;
; Number of registers using Asynchronous Clear ; 0     ;
; Number of registers using Asynchronous Load  ; 0     ;
; Number of registers using Clock Enable       ; 0     ;
; Number of registers using Preset             ; 0     ;
+----------------------------------------------+-------+


+-----------------------------------------------------+
; Post-Synthesis Netlist Statistics for Top Partition ;
+-----------------------+-----------------------------+
; Type                  ; Count                       ;
+-----------------------+-----------------------------+
; arriav_lcell_comb     ; 13                          ;
;     normal            ; 13                          ;
;         0 data inputs ; 1                           ;
;         1 data inputs ; 1                           ;
;         2 data inputs ; 2                           ;
;         3 data inputs ; 2                           ;
;         4 data inputs ; 7                           ;
; boundary_port         ; 41                          ;
;                       ;                             ;
; Max LUT depth         ; 2.00                        ;
; Average LUT depth     ; 1.52                        ;
+-----------------------+-----------------------------+


+-------------------------------+
; Elapsed Time Per Partition    ;
+----------------+--------------+
; Partition Name ; Elapsed Time ;
+----------------+--------------+
; Top            ; 00:00:00     ;
+----------------+--------------+


+-------------------------------+
; Analysis & Synthesis Messages ;
+-------------------------------+
Info: *******************************************************************
Info: Running Quartus Prime Analysis & Synthesis
    Info: Version 17.1.0 Build 590 10/25/2017 SJ Lite Edition
    Info: Processing started: Sun May 07 19:16:18 2023
Info: Command: quartus_map --read_settings_files=on --write_settings_files=off HardwareAdder -c HardwareAdder
Warning (18236): Number of processors has not been specified which may cause overloading on shared machines.  Set the global assignment NUM_PARALLEL_PROCESSORS in your QSF to an appropriate value for best performance.
Info (20030): Parallel compilation is enabled and will use 16 of the 16 processors detected
Info (12021): Found 1 design units, including 1 entities, in source file hexto7segment.v
    Info (12023): Found entity 1: HexTo7Segment File: E:/leeds/5566/workspace/ELEC5566M-Unit3-BaiyanHuo/3-1-HardwareAdder/HexTo7Segment.v Line: 1
Info (12021): Found 1 design units, including 1 entities, in source file adder4bit.v
    Info (12023): Found entity 1: Adder4Bit File: E:/leeds/5566/workspace/ELEC5566M-Unit3-BaiyanHuo/3-1-HardwareAdder/Adder4Bit.v Line: 10
Info (12021): Found 1 design units, including 1 entities, in source file adder1bit.v
    Info (12023): Found entity 1: Adder1Bit File: E:/leeds/5566/workspace/ELEC5566M-Unit3-BaiyanHuo/3-1-HardwareAdder/Adder1Bit.v Line: 3
Info (12021): Found 1 design units, including 1 entities, in source file hardwareadder.v
    Info (12023): Found entity 1: HardwareAdder File: E:/leeds/5566/workspace/ELEC5566M-Unit3-BaiyanHuo/3-1-HardwareAdder/HardwareAdder.v Line: 2
Info (12127): Elaborating entity "HardwareAdder" for the top level hierarchy
Info (12128): Elaborating entity "HexTo7Segment" for hierarchy "HexTo7Segment:D1" File: E:/leeds/5566/workspace/ELEC5566M-Unit3-BaiyanHuo/3-1-HardwareAdder/HardwareAdder.v Line: 21
Warning (10240): Verilog HDL Always Construct warning at HexTo7Segment.v(31): inferring latch(es) for variable "HEX5", which holds its previous value in one or more paths through the always construct File: E:/leeds/5566/workspace/ELEC5566M-Unit3-BaiyanHuo/3-1-HardwareAdder/HexTo7Segment.v Line: 31
Warning (10240): Verilog HDL Always Construct warning at HexTo7Segment.v(31): inferring latch(es) for variable "HEX4", which holds its previous value in one or more paths through the always construct File: E:/leeds/5566/workspace/ELEC5566M-Unit3-BaiyanHuo/3-1-HardwareAdder/HexTo7Segment.v Line: 31
Warning (10240): Verilog HDL Always Construct warning at HexTo7Segment.v(31): inferring latch(es) for variable "HEX3", which holds its previous value in one or more paths through the always construct File: E:/leeds/5566/workspace/ELEC5566M-Unit3-BaiyanHuo/3-1-HardwareAdder/HexTo7Segment.v Line: 31
Warning (10240): Verilog HDL Always Construct warning at HexTo7Segment.v(31): inferring latch(es) for variable "HEX2", which holds its previous value in one or more paths through the always construct File: E:/leeds/5566/workspace/ELEC5566M-Unit3-BaiyanHuo/3-1-HardwareAdder/HexTo7Segment.v Line: 31
Info (10041): Inferred latch for "HEX2[0]" at HexTo7Segment.v(31) File: E:/leeds/5566/workspace/ELEC5566M-Unit3-BaiyanHuo/3-1-HardwareAdder/HexTo7Segment.v Line: 31
Info (10041): Inferred latch for "HEX2[1]" at HexTo7Segment.v(31) File: E:/leeds/5566/workspace/ELEC5566M-Unit3-BaiyanHuo/3-1-HardwareAdder/HexTo7Segment.v Line: 31
Info (10041): Inferred latch for "HEX2[2]" at HexTo7Segment.v(31) File: E:/leeds/5566/workspace/ELEC5566M-Unit3-BaiyanHuo/3-1-HardwareAdder/HexTo7Segment.v Line: 31
Info (10041): Inferred latch for "HEX2[3]" at HexTo7Segment.v(31) File: E:/leeds/5566/workspace/ELEC5566M-Unit3-BaiyanHuo/3-1-HardwareAdder/HexTo7Segment.v Line: 31
Info (10041): Inferred latch for "HEX2[4]" at HexTo7Segment.v(31) File: E:/leeds/5566/workspace/ELEC5566M-Unit3-BaiyanHuo/3-1-HardwareAdder/HexTo7Segment.v Line: 31
Info (10041): Inferred latch for "HEX2[5]" at HexTo7Segment.v(31) File: E:/leeds/5566/workspace/ELEC5566M-Unit3-BaiyanHuo/3-1-HardwareAdder/HexTo7Segment.v Line: 31
Info (10041): Inferred latch for "HEX2[6]" at HexTo7Segment.v(31) File: E:/leeds/5566/workspace/ELEC5566M-Unit3-BaiyanHuo/3-1-HardwareAdder/HexTo7Segment.v Line: 31
Info (10041): Inferred latch for "HEX3[0]" at HexTo7Segment.v(31) File: E:/leeds/5566/workspace/ELEC5566M-Unit3-BaiyanHuo/3-1-HardwareAdder/HexTo7Segment.v Line: 31
Info (10041): Inferred latch for "HEX3[1]" at HexTo7Segment.v(31) File: E:/leeds/5566/workspace/ELEC5566M-Unit3-BaiyanHuo/3-1-HardwareAdder/HexTo7Segment.v Line: 31
Info (10041): Inferred latch for "HEX3[2]" at HexTo7Segment.v(31) File: E:/leeds/5566/workspace/ELEC5566M-Unit3-BaiyanHuo/3-1-HardwareAdder/HexTo7Segment.v Line: 31
Info (10041): Inferred latch for "HEX3[3]" at HexTo7Segment.v(31) File: E:/leeds/5566/workspace/ELEC5566M-Unit3-BaiyanHuo/3-1-HardwareAdder/HexTo7Segment.v Line: 31
Info (10041): Inferred latch for "HEX3[4]" at HexTo7Segment.v(31) File: E:/leeds/5566/workspace/ELEC5566M-Unit3-BaiyanHuo/3-1-HardwareAdder/HexTo7Segment.v Line: 31
Info (10041): Inferred latch for "HEX3[5]" at HexTo7Segment.v(31) File: E:/leeds/5566/workspace/ELEC5566M-Unit3-BaiyanHuo/3-1-HardwareAdder/HexTo7Segment.v Line: 31
Info (10041): Inferred latch for "HEX3[6]" at HexTo7Segment.v(31) File: E:/leeds/5566/workspace/ELEC5566M-Unit3-BaiyanHuo/3-1-HardwareAdder/HexTo7Segment.v Line: 31
Info (10041): Inferred latch for "HEX4[0]" at HexTo7Segment.v(31) File: E:/leeds/5566/workspace/ELEC5566M-Unit3-BaiyanHuo/3-1-HardwareAdder/HexTo7Segment.v Line: 31
Info (10041): Inferred latch for "HEX4[1]" at HexTo7Segment.v(31) File: E:/leeds/5566/workspace/ELEC5566M-Unit3-BaiyanHuo/3-1-HardwareAdder/HexTo7Segment.v Line: 31
Info (10041): Inferred latch for "HEX4[2]" at HexTo7Segment.v(31) File: E:/leeds/5566/workspace/ELEC5566M-Unit3-BaiyanHuo/3-1-HardwareAdder/HexTo7Segment.v Line: 31
Info (10041): Inferred latch for "HEX4[3]" at HexTo7Segment.v(31) File: E:/leeds/5566/workspace/ELEC5566M-Unit3-BaiyanHuo/3-1-HardwareAdder/HexTo7Segment.v Line: 31
Info (10041): Inferred latch for "HEX4[4]" at HexTo7Segment.v(31) File: E:/leeds/5566/workspace/ELEC5566M-Unit3-BaiyanHuo/3-1-HardwareAdder/HexTo7Segment.v Line: 31
Info (10041): Inferred latch for "HEX4[5]" at HexTo7Segment.v(31) File: E:/leeds/5566/workspace/ELEC5566M-Unit3-BaiyanHuo/3-1-HardwareAdder/HexTo7Segment.v Line: 31
Info (10041): Inferred latch for "HEX4[6]" at HexTo7Segment.v(31) File: E:/leeds/5566/workspace/ELEC5566M-Unit3-BaiyanHuo/3-1-HardwareAdder/HexTo7Segment.v Line: 31
Info (10041): Inferred latch for "HEX5[0]" at HexTo7Segment.v(31) File: E:/leeds/5566/workspace/ELEC5566M-Unit3-BaiyanHuo/3-1-HardwareAdder/HexTo7Segment.v Line: 31
Info (10041): Inferred latch for "HEX5[1]" at HexTo7Segment.v(31) File: E:/leeds/5566/workspace/ELEC5566M-Unit3-BaiyanHuo/3-1-HardwareAdder/HexTo7Segment.v Line: 31
Info (10041): Inferred latch for "HEX5[2]" at HexTo7Segment.v(31) File: E:/leeds/5566/workspace/ELEC5566M-Unit3-BaiyanHuo/3-1-HardwareAdder/HexTo7Segment.v Line: 31
Info (10041): Inferred latch for "HEX5[3]" at HexTo7Segment.v(31) File: E:/leeds/5566/workspace/ELEC5566M-Unit3-BaiyanHuo/3-1-HardwareAdder/HexTo7Segment.v Line: 31
Info (10041): Inferred latch for "HEX5[4]" at HexTo7Segment.v(31) File: E:/leeds/5566/workspace/ELEC5566M-Unit3-BaiyanHuo/3-1-HardwareAdder/HexTo7Segment.v Line: 31
Info (10041): Inferred latch for "HEX5[5]" at HexTo7Segment.v(31) File: E:/leeds/5566/workspace/ELEC5566M-Unit3-BaiyanHuo/3-1-HardwareAdder/HexTo7Segment.v Line: 31
Info (10041): Inferred latch for "HEX5[6]" at HexTo7Segment.v(31) File: E:/leeds/5566/workspace/ELEC5566M-Unit3-BaiyanHuo/3-1-HardwareAdder/HexTo7Segment.v Line: 31
Info (13025): Duplicate LATCH primitives merged into single LATCH primitive
    Info (13026): Duplicate LATCH primitive "HexTo7Segment:D1|HEX4[6]" merged with LATCH primitive "HexTo7Segment:D1|HEX5[6]" File: E:/leeds/5566/workspace/ELEC5566M-Unit3-BaiyanHuo/3-1-HardwareAdder/HexTo7Segment.v Line: 31
    Info (13026): Duplicate LATCH primitive "HexTo7Segment:D1|HEX4[3]" merged with LATCH primitive "HexTo7Segment:D1|HEX5[6]" File: E:/leeds/5566/workspace/ELEC5566M-Unit3-BaiyanHuo/3-1-HardwareAdder/HexTo7Segment.v Line: 31
    Info (13026): Duplicate LATCH primitive "HexTo7Segment:D1|HEX4[0]" merged with LATCH primitive "HexTo7Segment:D1|HEX5[6]" File: E:/leeds/5566/workspace/ELEC5566M-Unit3-BaiyanHuo/3-1-HardwareAdder/HexTo7Segment.v Line: 31
    Info (13026): Duplicate LATCH primitive "HexTo7Segment:D1|HEX3[6]" merged with LATCH primitive "HexTo7Segment:D1|HEX3[0]" File: E:/leeds/5566/workspace/ELEC5566M-Unit3-BaiyanHuo/3-1-HardwareAdder/HexTo7Segment.v Line: 31
    Info (13026): Duplicate LATCH primitive "HexTo7Segment:D1|HEX3[3]" merged with LATCH primitive "HexTo7Segment:D1|HEX3[0]" File: E:/leeds/5566/workspace/ELEC5566M-Unit3-BaiyanHuo/3-1-HardwareAdder/HexTo7Segment.v Line: 31
    Info (13026): Duplicate LATCH primitive "HexTo7Segment:D1|HEX2[6]" merged with LATCH primitive "HexTo7Segment:D1|HEX3[0]" File: E:/leeds/5566/workspace/ELEC5566M-Unit3-BaiyanHuo/3-1-HardwareAdder/HexTo7Segment.v Line: 31
Warning (13012): Latch HexTo7Segment:D1|HEX5[6] has unsafe behavior File: E:/leeds/5566/workspace/ELEC5566M-Unit3-BaiyanHuo/3-1-HardwareAdder/HexTo7Segment.v Line: 31
    Warning (13013): Ports D and ENA on the latch are fed by the same signal button[1] File: E:/leeds/5566/workspace/ELEC5566M-Unit3-BaiyanHuo/3-1-HardwareAdder/HardwareAdder.v Line: 4
Warning (13012): Latch HexTo7Segment:D1|HEX3[0] has unsafe behavior File: E:/leeds/5566/workspace/ELEC5566M-Unit3-BaiyanHuo/3-1-HardwareAdder/HexTo7Segment.v Line: 31
    Warning (13013): Ports D and ENA on the latch are fed by the same signal button[0] File: E:/leeds/5566/workspace/ELEC5566M-Unit3-BaiyanHuo/3-1-HardwareAdder/HardwareAdder.v Line: 4
Warning (13024): Output pins are stuck at VCC or GND
    Warning (13410): Pin "HEX5[0]" is stuck at VCC File: E:/leeds/5566/workspace/ELEC5566M-Unit3-BaiyanHuo/3-1-HardwareAdder/HardwareAdder.v Line: 6
    Warning (13410): Pin "HEX5[1]" is stuck at VCC File: E:/leeds/5566/workspace/ELEC5566M-Unit3-BaiyanHuo/3-1-HardwareAdder/HardwareAdder.v Line: 6
    Warning (13410): Pin "HEX5[2]" is stuck at VCC File: E:/leeds/5566/workspace/ELEC5566M-Unit3-BaiyanHuo/3-1-HardwareAdder/HardwareAdder.v Line: 6
    Warning (13410): Pin "HEX5[3]" is stuck at VCC File: E:/leeds/5566/workspace/ELEC5566M-Unit3-BaiyanHuo/3-1-HardwareAdder/HardwareAdder.v Line: 6
    Warning (13410): Pin "HEX5[4]" is stuck at VCC File: E:/leeds/5566/workspace/ELEC5566M-Unit3-BaiyanHuo/3-1-HardwareAdder/HardwareAdder.v Line: 6
    Warning (13410): Pin "HEX5[5]" is stuck at VCC File: E:/leeds/5566/workspace/ELEC5566M-Unit3-BaiyanHuo/3-1-HardwareAdder/HardwareAdder.v Line: 6
    Warning (13410): Pin "HEX4[1]" is stuck at VCC File: E:/leeds/5566/workspace/ELEC5566M-Unit3-BaiyanHuo/3-1-HardwareAdder/HardwareAdder.v Line: 7
    Warning (13410): Pin "HEX4[2]" is stuck at VCC File: E:/leeds/5566/workspace/ELEC5566M-Unit3-BaiyanHuo/3-1-HardwareAdder/HardwareAdder.v Line: 7
    Warning (13410): Pin "HEX4[4]" is stuck at VCC File: E:/leeds/5566/workspace/ELEC5566M-Unit3-BaiyanHuo/3-1-HardwareAdder/HardwareAdder.v Line: 7
    Warning (13410): Pin "HEX4[5]" is stuck at VCC File: E:/leeds/5566/workspace/ELEC5566M-Unit3-BaiyanHuo/3-1-HardwareAdder/HardwareAdder.v Line: 7
    Warning (13410): Pin "HEX3[1]" is stuck at VCC File: E:/leeds/5566/workspace/ELEC5566M-Unit3-BaiyanHuo/3-1-HardwareAdder/HardwareAdder.v Line: 8
    Warning (13410): Pin "HEX3[2]" is stuck at VCC File: E:/leeds/5566/workspace/ELEC5566M-Unit3-BaiyanHuo/3-1-HardwareAdder/HardwareAdder.v Line: 8
    Warning (13410): Pin "HEX3[4]" is stuck at VCC File: E:/leeds/5566/workspace/ELEC5566M-Unit3-BaiyanHuo/3-1-HardwareAdder/HardwareAdder.v Line: 8
    Warning (13410): Pin "HEX3[5]" is stuck at VCC File: E:/leeds/5566/workspace/ELEC5566M-Unit3-BaiyanHuo/3-1-HardwareAdder/HardwareAdder.v Line: 8
    Warning (13410): Pin "HEX2[0]" is stuck at VCC File: E:/leeds/5566/workspace/ELEC5566M-Unit3-BaiyanHuo/3-1-HardwareAdder/HardwareAdder.v Line: 9
    Warning (13410): Pin "HEX2[1]" is stuck at VCC File: E:/leeds/5566/workspace/ELEC5566M-Unit3-BaiyanHuo/3-1-HardwareAdder/HardwareAdder.v Line: 9
    Warning (13410): Pin "HEX2[2]" is stuck at VCC File: E:/leeds/5566/workspace/ELEC5566M-Unit3-BaiyanHuo/3-1-HardwareAdder/HardwareAdder.v Line: 9
    Warning (13410): Pin "HEX2[3]" is stuck at VCC File: E:/leeds/5566/workspace/ELEC5566M-Unit3-BaiyanHuo/3-1-HardwareAdder/HardwareAdder.v Line: 9
    Warning (13410): Pin "HEX2[4]" is stuck at VCC File: E:/leeds/5566/workspace/ELEC5566M-Unit3-BaiyanHuo/3-1-HardwareAdder/HardwareAdder.v Line: 9
    Warning (13410): Pin "HEX2[5]" is stuck at VCC File: E:/leeds/5566/workspace/ELEC5566M-Unit3-BaiyanHuo/3-1-HardwareAdder/HardwareAdder.v Line: 9
Info (286030): Timing-Driven Synthesis is running
Info (16010): Generating hard_block partition "hard_block:auto_generated_inst"
    Info (16011): Adding 0 node(s), including 0 DDIO, 0 PLL, 0 transceiver and 0 LCELL
Info (21057): Implemented 52 device resources after synthesis - the final resource count might be different
    Info (21058): Implemented 6 input pins
    Info (21059): Implemented 35 output pins
    Info (21061): Implemented 11 logic cells
Info: Quartus Prime Analysis & Synthesis was successful. 0 errors, 30 warnings
    Info: Peak virtual memory: 4886 megabytes
    Info: Processing ended: Sun May 07 19:16:27 2023
    Info: Elapsed time: 00:00:09
    Info: Total CPU time (on all processors): 00:00:17


